Log legend

		(FF): Complete failure
		(EE): Error
		(WW): Warning
		(II): Information
		(SS): Statistics
		(TT): Transition
		(DD): Debug
(II) -> Received message:
{
		Sender address: 0xB1
		Recipient address: 0xB0
		Message ID: 0x0
		Message type: range
		Payload length: 20
		Payload: 0 9C 0 9C 0 9C 0 9C 0 9C 0 9C 0 9C 0 9C 0 9C 0 9C 
}
(DD) -> sensor1 : Received message, wss:  0 , nes:  1 , ntp:  0 , seq:  0 
(II) -> Received message:
{
		Sender address: 0xB1
		Recipient address: 0xB0
		Message ID: 0x1
		Message type: range
		Payload length: 20
		Payload: 0 9C 0 9C 0 9C 0 9C 0 9C 0 9C 0 9C 0 9C 0 9C 0 9C 
}
(DD) -> sensor1 : Received message, wss:  0 , nes:  2 , ntp:  1 , seq:  1 
(II) -> Received message:
{
		Sender address: 0xB1
		Recipient address: 0xB0
		Message ID: 0x2
		Message type: range
		Payload length: 20
		Payload: 0 9C 0 9C 0 9C 0 9C 0 9C 0 9C 0 9C 0 9C 0 9C 0 9C 
}
(DD) -> sensor1 : Received message, wss:  0 , nes:  3 , ntp:  2 , seq:  2 
(TT) -> Transitioning from " ConnectionManager::handle_received_messages " to " ConnectionManager::handle_completed_window " 
(DD) -> sensor1 : Completed window, wss:  3 , nes:  3 , ntp:  3 , seq:  
(TT) -> Transitioning from " ConnectionManager::handle_completed_window " to " ConnectionManager::handle_received_messages " 
(II) -> Sending message:
{
		Sender address: 0xB0
		Recipient address: 0xB1
		Message ID: 0x0
		Message type: control
		Payload length: 3
		Payload: 0 0 3 
}
(SS) -> Tx completed in 39 ms 
(SS) -> Duty cycle is 0.16 % 
(II) -> Duty cycle under 0.8%, adjusting. Was 10000 ms, now is  3900 ms 
(II) -> Received message:
{
		Sender address: 0xB1
		Recipient address: 0xB0
		Message ID: 0x3
		Message type: range
		Payload length: 20
		Payload: 0 9C 0 9C 0 9C 0 9C 0 9C 0 9C 0 9C 0 9C 0 9C 0 9C 
}
(DD) -> sensor1 : Received message, wss:  3 , nes:  4 , ntp:  3 , seq:  3 
(II) -> Received message:
{
		Sender address: 0xB1
		Recipient address: 0xB0
		Message ID: 0x4
		Message type: range
		Payload length: 20
		Payload: 0 9C 0 9C 0 9C 0 9C 0 9C 0 9C 0 9C 0 9C 0 9C 0 9C 
}
(DD) -> sensor1 : Received message, wss:  3 , nes:  5 , ntp:  4 , seq:  4 
(II) -> Received message:
{
		Sender address: 0xB1
		Recipient address: 0xB0
		Message ID: 0x5
		Message type: range
		Payload length: 20
		Payload: 0 9C 0 9C 0 9C 0 9C 0 9C 0 9C 0 9C 0 9C 0 9C 0 9C 
}
(DD) -> sensor1 : Received message, wss:  3 , nes:  6 , ntp:  5 , seq:  5 
(TT) -> Transitioning from " ConnectionManager::handle_received_messages " to " ConnectionManager::handle_completed_window " 
(DD) -> sensor1 : Completed window, wss:  6 , nes:  6 , ntp:  6 , seq:  
(TT) -> Transitioning from " ConnectionManager::handle_completed_window " to " ConnectionManager::handle_received_messages " 
(II) -> Sending message:
{
		Sender address: 0xB0
		Recipient address: 0xB1
		Message ID: 0x1
		Message type: control
		Payload length: 3
		Payload: 0 0 6 
}
(SS) -> Tx completed in 40 ms 
(SS) -> Duty cycle is 0.33 % 
(II) -> Received message:
{
		Sender address: 0xB1
		Recipient address: 0xB0
		Message ID: 0x6
		Message type: range
		Payload length: 20
		Payload: 0 9C 0 9C 0 9C 0 9C 0 9C 0 9C 0 9C 0 9C 0 9C 0 9C 
}
(DD) -> sensor1 : Received message, wss:  6 , nes:  7 , ntp:  6 , seq:  6 
(II) -> Received message:
{
		Sender address: 0xB1
		Recipient address: 0xB0
		Message ID: 0x6
		Message type: range
		Payload length: 20
		Payload: 0 9C 0 9C 0 9C 0 9C 0 9C 0 9C 0 9C 0 9C 0 9C 0 9C 
}
(DD) -> sensor1 : Received message, wss:  6 , nes:  7 , ntp:  7 , seq:  6 
(II) -> Received message:
{
		Sender address: 0xB1
		Recipient address: 0xB0
		Message ID: 0x7
		Message type: range
		Payload length: 20
		Payload: 0 9C 0 9C 0 9C 0 9C 0 9C 0 9C 0 9C 0 9C 0 9C 0 9C 
}
(DD) -> sensor1 : Received message, wss:  6 , nes:  8 , ntp:  7 , seq:  7 
(II) -> Received message:
{
		Sender address: 0xB1
		Recipient address: 0xB0
		Message ID: 0x7
		Message type: range
		Payload length: 20
		Payload: 0 9C 0 9C 0 9C 0 9C 0 9C 0 9C 0 9C 0 9C 0 9C 0 9C 
}
(DD) -> sensor1 : Received message, wss:  6 , nes:  8 , ntp:  8 , seq:  7 
(II) -> Received message:
{
		Sender address: 0xB1
		Recipient address: 0xB0
		Message ID: 0x8
		Message type: range
		Payload length: 20
		Payload: 0 9C 0 9C 0 9C 0 9C 0 9C 0 9C 0 9C 0 9C 0 9C 0 9C 
}
(DD) -> sensor1 : Received message, wss:  6 , nes:  9 , ntp:  8 , seq:  8 
(TT) -> Transitioning from " ConnectionManager::handle_received_messages " to " ConnectionManager::handle_completed_window " 
(DD) -> sensor1 : Completed window, wss:  9 , nes:  9 , ntp:  9 , seq:  
(TT) -> Transitioning from " ConnectionManager::handle_completed_window " to " ConnectionManager::handle_received_messages " 
(II) -> Sending message:
{
		Sender address: 0xB0
		Recipient address: 0xB1
		Message ID: 0x2
		Message type: control
		Payload length: 3
		Payload: 0 0 9 
}
(SS) -> Tx completed in 40 ms 
(SS) -> Duty cycle is 0.33 % 
(II) -> Received message:
{
		Sender address: 0xB1
		Recipient address: 0xB0
		Message ID: 0x9
		Message type: range
		Payload length: 20
		Payload: 0 9C 0 9C 0 9C 0 9C 0 9C 0 9C 0 9C 0 9C 0 9C 0 9C 
}
(DD) -> sensor1 : Received message, wss:  9 , nes:  10 , ntp:  9 , seq:  9 
(II) -> Received message:
{
		Sender address: 0xB1
		Recipient address: 0xB0
		Message ID: 0xA
		Message type: range
		Payload length: 20
		Payload: 0 9C 0 9C 0 9C 0 9C 0 9C 0 9C 0 9C 0 9C 0 9C 0 9C 
}
(DD) -> sensor1 : Received message, wss:  9 , nes:  11 , ntp:  10 , seq:  10 
(II) -> Received message:
{
		Sender address: 0xB1
		Recipient address: 0xB0
		Message ID: 0xB
		Message type: range
		Payload length: 20
		Payload: 0 9C 0 9C 0 9C 0 9C 0 9C 0 9C 0 9C 0 9C 0 9C 0 9C 
}
(DD) -> sensor1 : Received message, wss:  9 , nes:  12 , ntp:  11 , seq:  11 
(TT) -> Transitioning from " ConnectionManager::handle_received_messages " to " ConnectionManager::handle_completed_window " 
(DD) -> sensor1 : Completed window, wss:  12 , nes:  12 , ntp:  12 , seq:  
(TT) -> Transitioning from " ConnectionManager::handle_completed_window " to " ConnectionManager::handle_received_messages " 
(II) -> Sending message:
{
		Sender address: 0xB0
		Recipient address: 0xB1
		Message ID: 0x3
		Message type: control
		Payload length: 3
		Payload: 0 0 C 
}
(SS) -> Tx completed in 39 ms 
(SS) -> Duty cycle is 0.32 % 
(II) -> Received message:
{
		Sender address: 0xB1
		Recipient address: 0xB0
		Message ID: 0xC
		Message type: range
		Payload length: 20
		Payload: 0 9C 0 9C 0 9C 0 9C 0 9C 0 9C 0 9C 0 9C 0 9C 0 9C 
}
(DD) -> sensor1 : Received message, wss:  12 , nes:  13 , ntp:  12 , seq:  12 
(II) -> Received message:
{
		Sender address: 0xB1
		Recipient address: 0xB0
		Message ID: 0xD
		Message type: range
		Payload length: 20
		Payload: 0 9C 0 9C 0 9C 0 9C 0 9C 0 9C 0 9C 0 9C 0 9C 0 9C 
}
(DD) -> sensor1 : Received message, wss:  12 , nes:  14 , ntp:  13 , seq:  13 
(II) -> Received message:
{
		Sender address: 0xB1
		Recipient address: 0xB0
		Message ID: 0xE
		Message type: range
		Payload length: 20
		Payload: 0 9C 0 9C 0 9C 0 9C 0 9C 0 9D 1 30 0 1E 0 A0 0 1F 
}
(DD) -> sensor1 : Received message, wss:  12 , nes:  15 , ntp:  14 , seq:  14 
(TT) -> Transitioning from " ConnectionManager::handle_received_messages " to " ConnectionManager::handle_completed_window " 
(II) -> Received message:
{
		Sender address: 0xB1
		Recipient address: 0xB0
		Message ID: 0xE
		Message type: range
		Payload length: 20
		Payload: 0 9C 0 9C 0 9C 0 9C 0 9C 0 9D 1 30 0 1E 0 A0 0 1F 
}
(DD) -> sensor1 : Received message, wss:  12 , nes:  15 , ntp:  15 , seq:  14 
(DD) -> sensor1 : Completed window, wss:  15 , nes:  15 , ntp:  15 , seq:  
(TT) -> Transitioning from " ConnectionManager::handle_completed_window " to " ConnectionManager::handle_received_messages " 
(II) -> Sending message:
{
		Sender address: 0xB0
		Recipient address: 0xB1
		Message ID: 0x4
		Message type: control
		Payload length: 3
		Payload: 0 0 F 
}
(SS) -> Tx completed in 40 ms 
(SS) -> Duty cycle is 0.33 % 
(II) -> Received message:
{
		Sender address: 0xB1
		Recipient address: 0xB0
		Message ID: 0xF
		Message type: range
		Payload length: 20
		Payload: 0 9E 1 E 0 9D 0 20 0 A0 0 9C 0 9D 0 9E 1 F 1 F 
}
(DD) -> sensor1 : Received message, wss:  15 , nes:  16 , ntp:  15 , seq:  15 
(II) -> Received message:
{
		Sender address: 0xB1
		Recipient address: 0xB0
		Message ID: 0x10
		Message type: range
		Payload length: 20
		Payload: 0 0 0 0 0 9E 1 D8 0 A3 0 A3 1 F 1 F 0 1E 0 0 
}
(DD) -> sensor1 : Received message, wss:  15 , nes:  17 , ntp:  16 , seq:  16 
(II) -> Received message:
{
		Sender address: 0xB1
		Recipient address: 0xB0
		Message ID: 0x11
		Message type: range
		Payload length: 20
		Payload: 0 9E 0 A1 0 36 0 A2 1 10 0 2B 0 29 0 29 0 9F 0 1E 
}
(DD) -> sensor1 : Received message, wss:  15 , nes:  18 , ntp:  17 , seq:  17 
(TT) -> Transitioning from " ConnectionManager::handle_received_messages " to " ConnectionManager::handle_completed_window " 
(DD) -> sensor1 : Completed window, wss:  18 , nes:  18 , ntp:  18 , seq:  
(TT) -> Transitioning from " ConnectionManager::handle_completed_window " to " ConnectionManager::handle_received_messages " 
(II) -> Sending message:
{
		Sender address: 0xB0
		Recipient address: 0xB1
		Message ID: 0x5
		Message type: control
		Payload length: 3
		Payload: 0 0 12 
}
(SS) -> Tx completed in 39 ms 
(SS) -> Duty cycle is 0.33 % 
(II) -> Received message:
{
		Sender address: 0xB1
		Recipient address: 0xB0
		Message ID: 0x12
		Message type: range
		Payload length: 20
		Payload: 0 9B 0 9C 0 9C 0 9C 0 9C 0 9C 0 9E 0 9C 0 9C 0 9C 
}
(DD) -> sensor1 : Received message, wss:  18 , nes:  19 , ntp:  18 , seq:  18 
(II) -> Received message:
{
		Sender address: 0xB1
		Recipient address: 0xB0
		Message ID: 0x13
		Message type: range
		Payload length: 20
		Payload: 0 9C 0 9D 0 9C 0 9C 0 A1 1 10 0 9C 1 11 0 26 1 F 
}
(DD) -> sensor1 : Received message, wss:  18 , nes:  20 , ntp:  19 , seq:  19 
(II) -> Received message:
{
		Sender address: 0xB1
		Recipient address: 0xB0
		Message ID: 0x14
		Message type: range
		Payload length: 20
		Payload: 0 9E 0 B6 0 9D 0 A0 0 9F 0 9F 0 A3 0 9F 0 A0 1 10 
}
(DD) -> sensor1 : Received message, wss:  18 , nes:  21 , ntp:  20 , seq:  20 
(TT) -> Transitioning from " ConnectionManager::handle_received_messages " to " ConnectionManager::handle_completed_window " 
(DD) -> sensor1 : Completed window, wss:  21 , nes:  21 , ntp:  21 , seq:  
(TT) -> Transitioning from " ConnectionManager::handle_completed_window " to " ConnectionManager::handle_received_messages " 
(II) -> Sending message:
{
		Sender address: 0xB0
		Recipient address: 0xB1
		Message ID: 0x6
		Message type: control
		Payload length: 3
		Payload: 0 0 15 
}
(SS) -> Tx completed in 39 ms 
(SS) -> Duty cycle is 0.32 % 
(II) -> Received message:
{
		Sender address: 0xB1
		Recipient address: 0xB0
		Message ID: 0x15
		Message type: range
		Payload length: 20
		Payload: 0 A1 0 A0 0 9F 0 1D 0 9A 0 2D 0 9C 0 9F 0 FD 0 21 
}
(DD) -> sensor1 : Received message, wss:  21 , nes:  22 , ntp:  21 , seq:  21 
(II) -> Received message:
{
		Sender address: 0xB1
		Recipient address: 0xB0
		Message ID: 0x16
		Message type: range
		Payload length: 20
		Payload: 0 2E 0 2D 0 27 0 0 0 2D 0 29 0 25 0 D4 0 2B 0 29 
}
(DD) -> sensor1 : Received message, wss:  21 , nes:  23 , ntp:  22 , seq:  22 
